<?xml version="1.0" encoding="UTF-8"?>
<robot generator="Robot 7.3.2 (Python 3.13.5 on win32)" generated="2025-08-26T17:29:19.483290" rpa="false" schemaversion="5">
<suite id="s1" name="Test Simula Credito Cpf" source="c:\Users\danie\Desktop\Plataforma_Sicred\resources\testes\simula_credito\test_simula_credito_cpf.robot">
<test id="s1-t1" name="Preenchimento de cadastro para simulacao de credito via cpf utilizando tabela Fipe" line="8">
<kw name="Dado que eu acesse a Sicred Plataforma Parceiro" owner="setup_teardown">
<kw name="Open Browser" owner="SeleniumLibrary">
<msg time="2025-08-26T17:29:20.050825" level="INFO">Opening browser 'Chrome' to base url 'https://plataforma.dev.sicredipioneira.com.br/parceiro'.</msg>
<arg>https://plataforma.dev.sicredipioneira.com.br/parceiro</arg>
<arg>browser=Chrome</arg>
<doc>Opens a new browser instance to the optional ``url``.</doc>
<status status="PASS" start="2025-08-26T17:29:20.050434" elapsed="3.100245"/>
</kw>
<kw name="Maximize Browser Window" owner="SeleniumLibrary">
<doc>Maximizes current browser window.</doc>
<status status="PASS" start="2025-08-26T17:29:23.152869" elapsed="0.038568"/>
</kw>
<kw name="Execute Javascript" owner="SeleniumLibrary">
<msg time="2025-08-26T17:29:23.193442" level="INFO">Executing JavaScript:
window.resizeTo(window.innerWidth * 0.1, window.innerHeight * 0.1)
Without any arguments.</msg>
<arg>window.resizeTo(window.innerWidth * 0.1, window.innerHeight * 0.1)</arg>
<doc>Executes the given JavaScript code with possible arguments.</doc>
<status status="PASS" start="2025-08-26T17:29:23.191896" elapsed="0.012007"/>
</kw>
<kw name="Execute Javascript" owner="SeleniumLibrary">
<msg time="2025-08-26T17:29:23.205420" level="INFO">Executing JavaScript:
window.localStorage.clear();
Without any arguments.</msg>
<arg>window.localStorage.clear();</arg>
<doc>Executes the given JavaScript code with possible arguments.</doc>
<status status="PASS" start="2025-08-26T17:29:23.204523" elapsed="0.009455"/>
</kw>
<kw name="Execute Javascript" owner="SeleniumLibrary">
<msg time="2025-08-26T17:29:23.215270" level="INFO">Executing JavaScript:
window.sessionStorage.clear();
Without any arguments.</msg>
<arg>window.sessionStorage.clear();</arg>
<doc>Executes the given JavaScript code with possible arguments.</doc>
<status status="PASS" start="2025-08-26T17:29:23.214546" elapsed="0.007457"/>
</kw>
<status status="PASS" start="2025-08-26T17:29:20.049647" elapsed="3.172809"/>
</kw>
<kw name="Quando faco login com informacoes validas" owner="login_sicred_plataforma">
<kw name="Input Text" owner="SeleniumLibrary">
<msg time="2025-08-26T17:29:23.224266" level="INFO">Typing text 'admin4' into text field 'xpath=//input[@placeholder='E-mail']'.</msg>
<arg>${CAMPO_USUARIO}</arg>
<arg>admin4</arg>
<doc>Types the given ``text`` into the text field identified by ``locator``.</doc>
<status status="PASS" start="2025-08-26T17:29:23.223736" elapsed="0.214859"/>
</kw>
<kw name="Input Text" owner="SeleniumLibrary">
<msg time="2025-08-26T17:29:23.439430" level="INFO">Typing text 'sicredi@' into text field 'xpath=//input[@placeholder='Senha']'.</msg>
<arg>${CAMPO_SENHA}</arg>
<arg>sicredi@</arg>
<doc>Types the given ``text`` into the text field identified by ``locator``.</doc>
<status status="PASS" start="2025-08-26T17:29:23.439024" elapsed="0.169676"/>
</kw>
<kw name="Sleep" owner="BuiltIn">
<msg time="2025-08-26T17:29:28.610485" level="INFO">Slept 5 seconds.</msg>
<arg>5</arg>
<doc>Pauses the test executed for the given time.</doc>
<status status="PASS" start="2025-08-26T17:29:23.609591" elapsed="5.001292"/>
</kw>
<kw name="Click Element" owner="SeleniumLibrary">
<msg time="2025-08-26T17:29:28.611470" level="INFO">Clicking element 'xpath=//span[contains(.,' Entrar ')]'.</msg>
<msg time="2025-08-26T17:29:28.653004" level="WARN">Keyword 'Capture Page Screenshot' could not be run on failure: Message: invalid session id; For documentation on this error, please visit: https://www.selenium.dev/documentation/webdriver/troubleshooting/errors#invalidsessionidexception
Stacktrace:
	GetHandleVerifier [0x0xdcfd23+62915]
	GetHandleVerifier [0x0xdcfd64+62980]
	(No symbol) [0x0xc03c70]
	(No symbol) [0x0xc3faf8]
	(No symbol) [0x0xc71296]
	(No symbol) [0x0xc6ce75]
	(No symbol) [0x0xc6c3f6]
	(No symbol) [0x0xbd5755]
	(No symbol) [0x0xbd5cae]
	(No symbol) [0x0xbd613d]
	GetHandleVerifier [0x0x1038d13+2590131]
	GetHandleVerifier [0x0x1033f5a+2570234]
	GetHandleVerifier [0x0xdf59da+217722]
	GetHandleVerifier [0x0xde6048+153832]
	GetHandleVerifier [0x0xdec4ad+179533]
	(No symbol) [0x0xbd5420]
	(No symbol) [0x0xbd4c36]
	GetHandleVerifier [0x0x117508c+3885356]
	BaseThreadInitThunk [0x0x76a15d49+25]
	RtlInitializeExceptionChain [0x0x779fd2fb+107]
	RtlGetAppContainerNamedObjectPath [0x0x779fd281+561]
</msg>
<msg time="2025-08-26T17:29:28.653994" level="FAIL">InvalidSessionIdException: Message: invalid session id: session deleted as the browser has closed the connection
from disconnected: not connected to DevTools
  (Session info: chrome=139.0.7258.139); For documentation on this error, please visit: https://www.selenium.dev/documentation/webdriver/troubleshooting/errors#invalidsessionidexception
Stacktrace:
	GetHandleVerifier [0x0xdcfd23+62915]
	GetHandleVerifier [0x0xdcfd64+62980]
	(No symbol) [0x0xc03e13]
	(No symbol) [0x0xbf3760]
	(No symbol) [0x0xc115d2]
	(No symbol) [0x0xc77cac]
	(No symbol) [0x0xc91fc9]
	(No symbol) [0x0xc711d6]
	(No symbol) [0x0xc40833]
	(No symbol) [0x0xc416a4]
	GetHandleVerifier [0x0x1038d13+2590131]
	GetHandleVerifier [0x0x1033f5a+2570234]
	GetHandleVerifier [0x0xdf59da+217722]
	GetHandleVerifier [0x0xde6048+153832]
	GetHandleVerifier [0x0xdec4ad+179533]
	GetHandleVerifier [0x0xdd7728+94152]
	GetHandleVerifier [0x0xdd78b2+94546]
	GetHandleVerifier [0x0xdc2bca+9322]
	BaseThreadInitThunk [0x0x76a15d49+25]
	RtlInitializeExceptionChain [0x0x779fd2fb+107]
	RtlGetAppContainerNamedObjectPath [0x0x779fd281+561]
</msg>
<arg>${BOTAO_ENTRAR}</arg>
<doc>Click the element identified by ``locator``.</doc>
<status status="FAIL" start="2025-08-26T17:29:28.611149" elapsed="0.047227">InvalidSessionIdException: Message: invalid session id: session deleted as the browser has closed the connection
from disconnected: not connected to DevTools
  (Session info: chrome=139.0.7258.139); For documentation on this error, please visit: https://www.selenium.dev/documentation/webdriver/troubleshooting/errors#invalidsessionidexception
Stacktrace:
	GetHandleVerifier [0x0xdcfd23+62915]
	GetHandleVerifier [0x0xdcfd64+62980]
	(No symbol) [0x0xc03e13]
	(No symbol) [0x0xbf3760]
	(No symbol) [0x0xc115d2]
	(No symbol) [0x0xc77cac]
	(No symbol) [0x0xc91fc9]
	(No symbol) [0x0xc711d6]
	(No symbol) [0x0xc40833]
	(No symbol) [0x0xc416a4]
	GetHandleVerifier [0x0x1038d13+2590131]
	GetHandleVerifier [0x0x1033f5a+2570234]
	GetHandleVerifier [0x0xdf59da+217722]
	GetHandleVerifier [0x0xde6048+153832]
	GetHandleVerifier [0x0xdec4ad+179533]
	GetHandleVerifier [0x0xdd7728+94152]
	GetHandleVerifier [0x0xdd78b2+94546]
	GetHandleVerifier [0x0xdc2bca+9322]
	BaseThreadInitThunk [0x0x76a15d49+25]
	RtlInitializeExceptionChain [0x0x779fd2fb+107]
	RtlGetAppContainerNamedObjectPath [0x0x779fd281+561]
</status>
</kw>
<kw name="Capture Page Screenshot" owner="SeleniumLibrary">
<arg>login_sicred_plataforma.png</arg>
<doc>Takes a screenshot of the current page and embeds it into a log file.</doc>
<status status="NOT RUN" start="2025-08-26T17:29:28.658696" elapsed="0.000109"/>
</kw>
<kw name="Sleep" owner="BuiltIn">
<arg>10s</arg>
<doc>Pauses the test executed for the given time.</doc>
<status status="NOT RUN" start="2025-08-26T17:29:28.658936" elapsed="0.000064"/>
</kw>
<status status="FAIL" start="2025-08-26T17:29:23.223241" elapsed="5.435911">InvalidSessionIdException: Message: invalid session id: session deleted as the browser has closed the connection
from disconnected: not connected to DevTools
  (Session info: chrome=139.0.7258.139); For documentation on this error, please visit: https://www.selenium.dev/documentation/webdriver/troubleshooting/errors#invalidsessionidexception
Stacktrace:
	GetHandleVerifier [0x0xdcfd23+62915]
	GetHandleVerifier [0x0xdcfd64+62980]
	(No symbol) [0x0xc03e13]
	(No symbol) [0x0xbf3760]
	(No symbol) [0x0xc115d2]
	(No symbol) [0x0xc77cac]
	(No symbol) [0x0xc91fc9]
	(No symbol) [0x0xc711d6]
	(No symbol) [0x0xc40833]
	(No symbol) [0x0xc416a4]
	GetHandleVerifier [0x0x1038d13+2590131]
	GetHandleVerifier [0x0x1033f5a+2570234]
	GetHandleVerifier [0x0xdf59da+217722]
	GetHandleVerifier [0x0xde6048+153832]
	GetHandleVerifier [0x0xdec4ad+179533]
	GetHandleVerifier [0x0xdd7728+94152]
	GetHandleVerifier [0x0xdd78b2+94546]
	GetHandleVerifier [0x0xdc2bca+9322]
	BaseThreadInitThunk [0x0x76a15d49+25]
	RtlInitializeExceptionChain [0x0x779fd2fb+107]
	RtlGetAppContainerNamedObjectPath [0x0x779fd281+561]
</status>
</kw>
<kw name="E crio uma nova simulacao de credito para um cliente cpf" owner="simula_credito_cpf">
<status status="NOT RUN" start="2025-08-26T17:29:28.659758" elapsed="0.000085"/>
</kw>
<kw name="E escolho simular pela fipe" owner="simula_credito_cpf">
<status status="NOT RUN" start="2025-08-26T17:29:28.660492" elapsed="0.000087"/>
</kw>
<status status="FAIL" start="2025-08-26T17:29:20.048619" elapsed="8.612405">InvalidSessionIdException: Message: invalid session id: session deleted as the browser has closed the connection
from disconnected: not connected to DevTools
  (Session info: chrome=139.0.7258.139); For documentation on this error, please visit: https://www.selenium.dev/documentation/webdriver/troubleshooting/errors#invalidsessionidexception
Stacktrace:
	GetHandleVerifier [0x0xdcfd23+62915]
	GetHandleVerifier [0x0xdcfd64+62980]
	(No symbol) [0x0xc03e13]
	(No symbol) [0x0xbf3760]
	(No symbol) [0x0xc115d2]
	(No symbol) [0x0xc77cac]
	(No symbol) [0x0xc91fc9]
	(No symbol) [0x0xc711d6]
	(No symbol) [0x0xc40833]
	(No symbol) [0x0xc416a4]
	GetHandleVerifier [0x0x1038d13+2590131]
	GetHandleVerifier [0x0x1033f5a+2570234]
	GetHandleVerifier [0x0xdf59da+217722]
	GetHandleVerifier [0x0xde6048+153832]
	GetHandleVerifier [0x0xdec4ad+179533]
	GetHandleVerifier [0x0xdd7728+94152]
	GetHandleVerifier [0x0xdd78b2+94546]
	GetHandleVerifier [0x0xdc2bca+9322]
	BaseThreadInitThunk [0x0x76a15d49+25]
	RtlInitializeExceptionChain [0x0x779fd2fb+107]
	RtlGetAppContainerNamedObjectPath [0x0x779fd281+561]
</status>
</test>
<status status="FAIL" start="2025-08-26T17:29:19.487668" elapsed="9.174656"/>
</suite>
<statistics>
<total>
<stat pass="0" fail="1" skip="0">All Tests</stat>
</total>
<tag>
</tag>
<suite>
<stat name="Test Simula Credito Cpf" id="s1" pass="0" fail="1" skip="0">Test Simula Credito Cpf</stat>
</suite>
</statistics>
<errors>
<msg time="2025-08-26T17:29:20.000411" level="ERROR">Error in file 'c:\Users\danie\Desktop\Plataforma_Sicred\resources\main.robot' on line 10: Importing library 'IMAPLibrary' failed: ModuleNotFoundError: No module named 'IMAPLibrary'
Traceback (most recent call last):
  None
PYTHONPATH:
  C:\Users\danie\AppData\Local\Programs\Python\Python313\Lib\site-packages
  c:\Users\danie\.vscode\extensions\robocorp.robotframework-lsp-1.13.0\src\robotframework_debug_adapter
  C:\Users\danie\Desktop\Plataforma_Sicred
  c:\Users\danie\.vscode\extensions\robocorp.robotframework-lsp-1.13.0\src
  c:\Users\danie\.vscode\extensions\robocorp.robotframework-lsp-1.13.0\src\robotframework_ls\vendored
  C:\Users\danie\AppData\Local\Programs\Python\Python313\python313.zip
  C:\Users\danie\AppData\Local\Programs\Python\Python313\DLLs
  C:\Users\danie\AppData\Local\Programs\Python\Python313\Lib
  C:\Users\danie\AppData\Local\Programs\Python\Python313
  C:\Users\danie\AppData\Local\Programs\Python\Python313\Lib\site-packages</msg>
<msg time="2025-08-26T17:29:28.653004" level="WARN">Keyword 'Capture Page Screenshot' could not be run on failure: Message: invalid session id; For documentation on this error, please visit: https://www.selenium.dev/documentation/webdriver/troubleshooting/errors#invalidsessionidexception
Stacktrace:
	GetHandleVerifier [0x0xdcfd23+62915]
	GetHandleVerifier [0x0xdcfd64+62980]
	(No symbol) [0x0xc03c70]
	(No symbol) [0x0xc3faf8]
	(No symbol) [0x0xc71296]
	(No symbol) [0x0xc6ce75]
	(No symbol) [0x0xc6c3f6]
	(No symbol) [0x0xbd5755]
	(No symbol) [0x0xbd5cae]
	(No symbol) [0x0xbd613d]
	GetHandleVerifier [0x0x1038d13+2590131]
	GetHandleVerifier [0x0x1033f5a+2570234]
	GetHandleVerifier [0x0xdf59da+217722]
	GetHandleVerifier [0x0xde6048+153832]
	GetHandleVerifier [0x0xdec4ad+179533]
	(No symbol) [0x0xbd5420]
	(No symbol) [0x0xbd4c36]
	GetHandleVerifier [0x0x117508c+3885356]
	BaseThreadInitThunk [0x0x76a15d49+25]
	RtlInitializeExceptionChain [0x0x779fd2fb+107]
	RtlGetAppContainerNamedObjectPath [0x0x779fd281+561]
</msg>
</errors>
</robot>
