<?xml version="1.0" encoding="UTF-8"?>
<robot generator="Robot 7.3.2 (Python 3.13.5 on win32)" generated="2025-09-09T19:40:57.735462" rpa="false" schemaversion="5">
<suite id="s1" name="Test Simula Credito Cpf" source="c:\Users\danie\Desktop\Plataforma_Sicred\resources\testes\simula_credito\test_simula_credito_cpf.robot">
<test id="s1-t1" name="Preenchimento de cadastro para simulacao de credito via cpf utilizando tabela Fipe" line="8">
<kw name="Dado que eu acesse a Sicred Plataforma Parceiro" owner="setup_teardown">
<kw name="Open Browser" owner="SeleniumLibrary">
<msg time="2025-09-09T19:40:58.312793" level="INFO">Opening browser 'Chrome' to base url 'https://plataforma.dev.sicredipioneira.com.br/parceiro'.</msg>
<arg>https://plataforma.dev.sicredipioneira.com.br/parceiro</arg>
<arg>browser=Chrome</arg>
<doc>Opens a new browser instance to the optional ``url``.</doc>
<status status="PASS" start="2025-09-09T19:40:58.312284" elapsed="1.832203"/>
</kw>
<kw name="Maximize Browser Window" owner="SeleniumLibrary">
<doc>Maximizes current browser window.</doc>
<status status="PASS" start="2025-09-09T19:41:00.145940" elapsed="0.028006"/>
</kw>
<kw name="Execute Javascript" owner="SeleniumLibrary">
<msg time="2025-09-09T19:41:00.175640" level="INFO">Executing JavaScript:
window.resizeTo(window.innerWidth * 0.1, window.innerHeight * 0.1)
Without any arguments.</msg>
<arg>window.resizeTo(window.innerWidth * 0.1, window.innerHeight * 0.1)</arg>
<doc>Executes the given JavaScript code with possible arguments.</doc>
<status status="PASS" start="2025-09-09T19:41:00.174618" elapsed="0.009630"/>
</kw>
<kw name="Execute Javascript" owner="SeleniumLibrary">
<msg time="2025-09-09T19:41:00.185412" level="INFO">Executing JavaScript:
window.localStorage.clear();
Without any arguments.</msg>
<arg>window.localStorage.clear();</arg>
<doc>Executes the given JavaScript code with possible arguments.</doc>
<status status="PASS" start="2025-09-09T19:41:00.184666" elapsed="0.007997"/>
</kw>
<kw name="Execute Javascript" owner="SeleniumLibrary">
<msg time="2025-09-09T19:41:00.193965" level="INFO">Executing JavaScript:
window.sessionStorage.clear();
Without any arguments.</msg>
<arg>window.sessionStorage.clear();</arg>
<doc>Executes the given JavaScript code with possible arguments.</doc>
<status status="PASS" start="2025-09-09T19:41:00.193318" elapsed="0.014671"/>
</kw>
<status status="PASS" start="2025-09-09T19:40:58.311172" elapsed="1.897168"/>
</kw>
<kw name="Quando faco login com informacoes validas" owner="login_sicred_plataforma">
<kw name="Input Text" owner="SeleniumLibrary">
<msg time="2025-09-09T19:41:00.210689" level="INFO">Typing text 'admin4' into text field 'xpath=//input[@placeholder='E-mail']'.</msg>
<arg>${CAMPO_USUARIO}</arg>
<arg>admin4</arg>
<doc>Types the given ``text`` into the text field identified by ``locator``.</doc>
<status status="PASS" start="2025-09-09T19:41:00.209964" elapsed="0.122115"/>
</kw>
<kw name="Input Text" owner="SeleniumLibrary">
<msg time="2025-09-09T19:41:00.333412" level="INFO">Typing text 'sicredi@' into text field 'xpath=//input[@placeholder='Senha']'.</msg>
<arg>${CAMPO_SENHA}</arg>
<arg>sicredi@</arg>
<doc>Types the given ``text`` into the text field identified by ``locator``.</doc>
<status status="PASS" start="2025-09-09T19:41:00.332763" elapsed="0.093582"/>
</kw>
<kw name="Sleep" owner="BuiltIn">
<msg time="2025-09-09T19:41:05.427199" level="INFO">Slept 5 seconds.</msg>
<arg>5</arg>
<doc>Pauses the test executed for the given time.</doc>
<status status="PASS" start="2025-09-09T19:41:00.426660" elapsed="5.000844"/>
</kw>
<kw name="Get Value" owner="SeleniumLibrary">
<msg time="2025-09-09T19:41:05.441090" level="INFO">${_token} = 39137d454ff7293b2b0cc8c956af8c93</msg>
<var>${_token}</var>
<arg>xpath=//input[@name='_token']</arg>
<doc>Returns the value attribute of the element identified by ``locator``.</doc>
<status status="PASS" start="2025-09-09T19:41:05.427728" elapsed="0.013559"/>
</kw>
<kw name="Click Element" owner="SeleniumLibrary">
<msg time="2025-09-09T19:41:05.441853" level="INFO">Clicking element 'xpath=//span[contains(.,' Entrar ')]'.</msg>
<arg>${BOTAO_ENTRAR}</arg>
<doc>Click the element identified by ``locator``.</doc>
<status status="PASS" start="2025-09-09T19:41:05.441535" elapsed="0.048508"/>
</kw>
<kw name="Create Dictionary" owner="BuiltIn">
<msg time="2025-09-09T19:41:05.490984" level="INFO">${headers} = {}</msg>
<var>${headers}</var>
<doc>Creates and returns a dictionary based on the given ``items``.</doc>
<status status="PASS" start="2025-09-09T19:41:05.490423" elapsed="0.000719"/>
</kw>
<kw name="Create Dictionary" owner="BuiltIn">
<msg time="2025-09-09T19:41:05.491687" level="INFO">${cookies} = {'refresh_cookie': 'JDJ5JDEwJG05TWhMS1NIdHNONlhkamZEUU5yMHVXcHFhM0VCZ3R4dFovSjVmMmQ0YU12QmlaWW10d3Nl'}</msg>
<var>${cookies}</var>
<arg>refresh_cookie=JDJ5JDEwJG05TWhMS1NIdHNONlhkamZEUU5yMHVXcHFhM0VCZ3R4dFovSjVmMmQ0YU12QmlaWW10d3Nl</arg>
<doc>Creates and returns a dictionary based on the given ``items``.</doc>
<status status="PASS" start="2025-09-09T19:41:05.491383" elapsed="0.000420"/>
</kw>
<kw name="Create Dictionary" owner="BuiltIn">
<msg time="2025-09-09T19:41:05.492371" level="INFO">${data} = {'name': 'admin4', 'password': 'sicredi@', '_token': '39137d454ff7293b2b0cc8c956af8c93'}</msg>
<var>${data}</var>
<arg>name=admin4</arg>
<arg>password=sicredi@</arg>
<arg>_token=${_token}</arg>
<doc>Creates and returns a dictionary based on the given ``items``.</doc>
<status status="PASS" start="2025-09-09T19:41:05.491995" elapsed="0.000479"/>
</kw>
<kw name="Create Session" owner="RequestsLibrary">
<msg time="2025-09-09T19:41:05.493064" level="INFO">Creating Session using : alias=api_sicred, url=https://plataforma.dev.sicredipioneira.com.br/parceiro-server, headers={},                     cookies={'refresh_cookie': 'JDJ5JDEwJG05TWhMS1NIdHNONlhkamZEUU5yMHVXcHFhM0VCZ3R4dFovSjVmMmQ0YU12QmlaWW10d3Nl'}, auth=None, timeout=None, proxies=None, verify=False,                     debug=0 </msg>
<arg>api_sicred</arg>
<arg>https://plataforma.dev.sicredipioneira.com.br/parceiro-server</arg>
<arg>headers=${headers}</arg>
<arg>cookies=${cookies}</arg>
<doc>Create Session: create a HTTP session to a server</doc>
<status status="PASS" start="2025-09-09T19:41:05.492703" elapsed="0.001221"/>
</kw>
<kw name="Post Request" owner="RequestsLibrary">
<msg time="2025-09-09T19:41:05.494396" level="WARN">Keyword 'RequestsLibrary.Post Request' is deprecated. Please use `POST On Session` instead.</msg>
<msg time="2025-09-09T19:41:06.135208" level="INFO">POST Request : url=https://plataforma.dev.sicredipioneira.com.br/parceiro-server/api/auth/login 
 path_url=/parceiro-server/api/auth/login 
 headers={'User-Agent': 'python-requests/2.32.5', 'Accept-Encoding': 'gzip, deflate', 'Accept': '*/*', 'Connection': 'keep-alive', 'Cookie': 'refresh_cookie=JDJ5JDEwJG05TWhMS1NIdHNONlhkamZEUU5yMHVXcHFhM0VCZ3R4dFovSjVmMmQ0YU12QmlaWW10d3Nl', 'Content-Length': '88', 'Content-Type': 'application/json'} 
 body=b'{"name": "admin4", "password": "sicredi@", "_token": "39137d454ff7293b2b0cc8c956af8c93"}' 
 </msg>
<msg time="2025-09-09T19:41:06.135536" level="INFO">POST Response : url=https://plataforma.dev.sicredipioneira.com.br/parceiro-server/api/auth/login 
 status=200, reason=OK 
 headers={'Date': 'Tue, 09 Sep 2025 22:40:58 GMT', 'Content-Type': 'application/json', 'Transfer-Encoding': 'chunked', 'Connection': 'keep-alive', 'Content-Encoding': 'gzip', 'cache-control': 'no-cache, private', 'x-ratelimit-limit': '60', 'x-ratelimit-remaining': '56', 'content-security-policy': "object-src 'none';script-src 'unsafe-eval';connect-src 'self' cdn.jsdelivr.net fonts.googleapis.com fonts.gstatic.com;img-src * data: https:;style-src 'unsafe-inline' fonts.googleapis.com fonts.gstatic.com cdn.jsdelivr.net 'self';base-uri https://plataforma.dev.sicredipioneira.com.br/parceiro-server;font-src 'self' fonts.gstatic.com cdn.jsdelivr.net data:", 'strict-transport-security': 'max-age:31536000', 'access-control-allow-methods': 'GET,POST,PUT,DELETE,OPTIONS,PATCH', 'x-content-type-options': 'nosniff', 'x-download-options': 'noopen', 'x-frame-options': 'sameorigin', 'x-xss-protection': '1; mode=block', 'referrer-policy': 'no-referrer-when-downgrade', 'access-control-allow-origin': 'https://plataforma.dev.sicredipioneira.com.br', 'access-control-allow-headers': '*', 'x-envoy-upstream-service-time': '501', 'cf-cache-status': 'DYNAMIC', 'app-network': 'external', 'app-network-ip': '168.227.250.231', 'Server': 'cloudflare', 'CF-RAY': '97ca30baaaf1623c-GRU'} 
 body={"access_token":"eyJ0eXBlIjoiSldUIiwiYWxnIjoiSFMyNTYifQ.eyJ1c2VyX2lkIjo0LCJuYW1lIjoiYWRtaW40IiwiZW1haWwiOiJhZG1pbmlzdHJhZG9yNEBzaWNyZWRpLmNvbS5iciIsInJvbGUiOiJbXCIwMTAxX3BsYXRhZm9ybWFfcGFyY2Vpcm9cIixcImNvbWJhdGVfZnJhdWRlX2F0dWFsaXphY2FvX21hbnVhbFwiLFwiZG9jdXNpZ25fcHVsYXJfYXNzaW5hdHVyYVwiXSIsIm5iZiI6MTc1NzQ1NzY1OCwic2NvcGUiOiJsb2NhbCIsImV4cCI6MTc1NzQ2NjY1OCwiaWF0IjoxNzU3NDU3NjU4LCJqdGkiOiIkMnkkMTAkVWVnalVtMHc5dEwxZzJOcTdSS2tjLjl6WGNqMmhQNlRIanRBWmk0aks0RFhqZVoxME95bWkifQ.WBNLuD6R2hILugPKPuBYkJtxzoU--Fzz3VHgly9QLaw","refresh_token":"$2y$10$6QkJS1s4\/IZB4lhkAagkxuHbJAgn2TGvZnjVW9tD6\/IEfHns1wjcS","token_type":"bearer","user":{"id":4,"parceiro_id":4,"name":"admin4","email":"administrador4@sicredi.com.br","email_verified_at":null,"created_at":null,"updated_at":"2025-08-07T01:15:46.000000Z","auth_local":true,"permissoes":"[\"0101_plataforma_parceiro\",\"combate_fraude_atualizacao_manual\",\"docusign_pular_assinatura\"]"}} 
 </msg>
<msg time="2025-09-09T19:41:06.135919" level="INFO">C:\Users\danie\AppData\Local\Programs\Python\Python313\Lib\site-packages\urllib3\connectionpool.py:1097: InsecureRequestWarning: Unverified HTTPS request is being made to host 'plataforma.dev.sicredipioneira.com.br'. Adding certificate verification is strongly advised. See: https://urllib3.readthedocs.io/en/latest/advanced-usage.html#tls-warnings
  warnings.warn(</msg>
<msg time="2025-09-09T19:41:06.136412" level="INFO">${response} = &lt;Response [200]&gt;</msg>
<var>${response}</var>
<arg>api_sicred</arg>
<arg>/api/auth/login</arg>
<arg>json=${data}</arg>
<doc>*DEPRECATED* Please use `POST On Session` instead.</doc>
<status status="PASS" start="2025-09-09T19:41:05.494246" elapsed="0.642332"/>
</kw>
<kw name="Log" owner="BuiltIn">
<msg time="2025-09-09T19:41:06.137670" level="INFO">Status Code: 200</msg>
<arg>Status Code: ${response.status_code}</arg>
<doc>Logs the given message with the given level.</doc>
<status status="PASS" start="2025-09-09T19:41:06.136903" elapsed="0.000922"/>
</kw>
<kw name="Log" owner="BuiltIn">
<msg time="2025-09-09T19:41:06.139000" level="INFO">Body: {"access_token":"eyJ0eXBlIjoiSldUIiwiYWxnIjoiSFMyNTYifQ.eyJ1c2VyX2lkIjo0LCJuYW1lIjoiYWRtaW40IiwiZW1haWwiOiJhZG1pbmlzdHJhZG9yNEBzaWNyZWRpLmNvbS5iciIsInJvbGUiOiJbXCIwMTAxX3BsYXRhZm9ybWFfcGFyY2Vpcm9cIixcImNvbWJhdGVfZnJhdWRlX2F0dWFsaXphY2FvX21hbnVhbFwiLFwiZG9jdXNpZ25fcHVsYXJfYXNzaW5hdHVyYVwiXSIsIm5iZiI6MTc1NzQ1NzY1OCwic2NvcGUiOiJsb2NhbCIsImV4cCI6MTc1NzQ2NjY1OCwiaWF0IjoxNzU3NDU3NjU4LCJqdGkiOiIkMnkkMTAkVWVnalVtMHc5dEwxZzJOcTdSS2tjLjl6WGNqMmhQNlRIanRBWmk0aks0RFhqZVoxME95bWkifQ.WBNLuD6R2hILugPKPuBYkJtxzoU--Fzz3VHgly9QLaw","refresh_token":"$2y$10$6QkJS1s4\/IZB4lhkAagkxuHbJAgn2TGvZnjVW9tD6\/IEfHns1wjcS","token_type":"bearer","user":{"id":4,"parceiro_id":4,"name":"admin4","email":"administrador4@sicredi.com.br","email_verified_at":null,"created_at":null,"updated_at":"2025-08-07T01:15:46.000000Z","auth_local":true,"permissoes":"[\"0101_plataforma_parceiro\",\"combate_fraude_atualizacao_manual\",\"docusign_pular_assinatura\"]"}}</msg>
<arg>Body: ${response.text}</arg>
<doc>Logs the given message with the given level.</doc>
<status status="PASS" start="2025-09-09T19:41:06.138072" elapsed="0.001071"/>
</kw>
<kw name="Should Be Equal As Integers" owner="BuiltIn">
<msg time="2025-09-09T19:41:06.139782" level="INFO">Argument types are:
&lt;class 'int'&gt;
&lt;class 'str'&gt;</msg>
<arg>${response.status_code}</arg>
<arg>200</arg>
<doc>Fails if objects are unequal after converting them to integers.</doc>
<status status="PASS" start="2025-09-09T19:41:06.139304" elapsed="0.000649"/>
</kw>
<kw name="Set Variable" owner="BuiltIn">
<msg time="2025-09-09T19:41:06.140270" level="INFO">${tipo} = login</msg>
<var>${tipo}</var>
<arg>login</arg>
<doc>Returns the given values which can then be assigned to a variables.</doc>
<status status="PASS" start="2025-09-09T19:41:06.140101" elapsed="0.000243"/>
</kw>
<kw name="Create Dictionary" owner="BuiltIn">
<msg time="2025-09-09T19:41:06.141517" level="INFO">${report} = {'tipo': 'login', 'payload': {'name': 'admin4', 'password': 'sicredi@', '_token': '39137d454ff7293b2b0cc8c956af8c93'}, 'status': 200, 'body': '{"access_token":"eyJ0eXBlIjoiSldUIiwiYWxnIjoiSFMyNTYifQ.e...</msg>
<var>${report}</var>
<arg>tipo=${tipo}</arg>
<arg>payload=${data}</arg>
<arg>status=${response.status_code}</arg>
<arg>body=${response.text}</arg>
<doc>Creates and returns a dictionary based on the given ``items``.</doc>
<status status="PASS" start="2025-09-09T19:41:06.140473" elapsed="0.001131"/>
</kw>
<kw name="Evaluate" owner="BuiltIn">
<msg time="2025-09-09T19:41:06.142477" level="INFO">${report_json} = {"tipo": "login", "payload": {"name": "admin4", "password": "sicredi@", "_token": "39137d454ff7293b2b0cc8c956af8c93"}, "status": 200, "body": "{\"access_token\":\"eyJ0eXBlIjoiSldUIiwiYWxnIjoiSFMyNTYif...</msg>
<var>${report_json}</var>
<arg>json.dumps(${report})</arg>
<arg>json</arg>
<doc>Evaluates the given expression in Python and returns the result.</doc>
<status status="PASS" start="2025-09-09T19:41:06.141741" elapsed="0.000920"/>
</kw>
<kw name="Create File" owner="OperatingSystem">
<msg time="2025-09-09T19:41:06.144129" level="INFO" html="true">Created file '&lt;a href="file://C:\Users\danie\Desktop\Plataforma_Sicred\api_response.json"&gt;C:\Users\danie\Desktop\Plataforma_Sicred\api_response.json&lt;/a&gt;'.</msg>
<arg>api_response.json</arg>
<arg>${report_json}</arg>
<doc>Creates a file with the given content and encoding.</doc>
<status status="PASS" start="2025-09-09T19:41:06.142928" elapsed="0.001458"/>
</kw>
<status status="PASS" start="2025-09-09T19:41:00.209096" elapsed="5.935490"/>
</kw>
<kw name="E crio uma nova simulacao de credito para um cliente cpf" owner="simula_credito_cpf">
<kw name="Click Element" owner="SeleniumLibrary">
<msg time="2025-09-09T19:41:06.146242" level="INFO">Clicking element '//span[contains(.,' NOVA SIMULAÇÃO ')]'.</msg>
<arg>${BOTAO_NOVA_SIMULACAO}</arg>
<doc>Click the element identified by ``locator``.</doc>
<status status="PASS" start="2025-09-09T19:41:06.145899" elapsed="0.084749"/>
</kw>
<kw name="Sleep" owner="BuiltIn">
<msg time="2025-09-09T19:41:07.231817" level="INFO">Slept 1 second.</msg>
<arg>1s</arg>
<doc>Pauses the test executed for the given time.</doc>
<status status="PASS" start="2025-09-09T19:41:06.231158" elapsed="1.001048"/>
</kw>
<kw name="Input Text" owner="SeleniumLibrary">
<msg time="2025-09-09T19:41:07.232958" level="INFO">Typing text '19362729032' into text field '//input[@type='text']'.</msg>
<arg>${INPUTA_CPF}</arg>
<arg>19362729032</arg>
<doc>Types the given ``text`` into the text field identified by ``locator``.</doc>
<status status="PASS" start="2025-09-09T19:41:07.232537" elapsed="0.086069"/>
</kw>
<kw name="Click Button" owner="SeleniumLibrary">
<msg time="2025-09-09T19:41:07.319405" level="INFO">Clicking button '//button[contains(.,' ENVIAR ')]'.</msg>
<arg>${ENVIAR_CPF}</arg>
<doc>Clicks the button identified by ``locator``.</doc>
<status status="PASS" start="2025-09-09T19:41:07.318993" elapsed="0.080262"/>
</kw>
<kw name="Sleep" owner="BuiltIn">
<msg time="2025-09-09T19:41:10.400447" level="INFO">Slept 3 seconds.</msg>
<arg>3s</arg>
<doc>Pauses the test executed for the given time.</doc>
<status status="PASS" start="2025-09-09T19:41:07.399588" elapsed="3.001150"/>
</kw>
<status status="PASS" start="2025-09-09T19:41:06.145319" elapsed="4.255556"/>
</kw>
<kw name="E escolho simular pela fipe" owner="simula_credito_cpf">
<kw name="Click Element" owner="SeleniumLibrary">
<msg time="2025-09-09T19:41:10.402408" level="INFO">Clicking element '//span[contains(.,' SIMULAR PELA FIPE ')]'.</msg>
<arg>${SIMULA_FIPE}</arg>
<doc>Click the element identified by ``locator``.</doc>
<status status="PASS" start="2025-09-09T19:41:10.402151" elapsed="0.074349"/>
</kw>
<kw name="Sleep" owner="BuiltIn">
<msg time="2025-09-09T19:41:12.477723" level="INFO">Slept 2 seconds.</msg>
<arg>2s</arg>
<doc>Pauses the test executed for the given time.</doc>
<status status="PASS" start="2025-09-09T19:41:10.476870" elapsed="2.001303"/>
</kw>
<kw name="Click Element" owner="SeleniumLibrary">
<msg time="2025-09-09T19:41:12.478809" level="INFO">Clicking element '//button[contains(.,' ENVIAR ')]'.</msg>
<arg>${ENVIAR_CPF}</arg>
<doc>Click the element identified by ``locator``.</doc>
<status status="PASS" start="2025-09-09T19:41:12.478457" elapsed="0.051249"/>
</kw>
<kw name="Sleep" owner="BuiltIn">
<msg time="2025-09-09T19:41:15.530925" level="INFO">Slept 3 seconds.</msg>
<arg>3s</arg>
<doc>Pauses the test executed for the given time.</doc>
<status status="PASS" start="2025-09-09T19:41:12.530073" elapsed="3.001133"/>
</kw>
<kw name="Click Element" owner="SeleniumLibrary">
<msg time="2025-09-09T19:41:15.531793" level="INFO">Clicking element 'xpath=//div[label[contains(text(),'Marca')]]//input'.</msg>
<arg>${MARCA}</arg>
<doc>Click the element identified by ``locator``.</doc>
<status status="PASS" start="2025-09-09T19:41:15.531466" elapsed="0.051860"/>
</kw>
<kw name="Sleep" owner="BuiltIn">
<msg time="2025-09-09T19:41:16.584898" level="INFO">Slept 1 second.</msg>
<arg>1s</arg>
<doc>Pauses the test executed for the given time.</doc>
<status status="PASS" start="2025-09-09T19:41:15.583969" elapsed="1.001332"/>
</kw>
<kw name="Click Element" owner="SeleniumLibrary">
<msg time="2025-09-09T19:41:16.586296" level="INFO">Clicking element 'xpath=//div[contains(@class,'v-menu')]//div[contains(.,'Fiat')]'.</msg>
<arg>${FIAT}</arg>
<doc>Click the element identified by ``locator``.</doc>
<status status="PASS" start="2025-09-09T19:41:16.585759" elapsed="0.051856"/>
</kw>
<kw name="Sleep" owner="BuiltIn">
<msg time="2025-09-09T19:41:17.638822" level="INFO">Slept 1 second.</msg>
<arg>1s</arg>
<doc>Pauses the test executed for the given time.</doc>
<status status="PASS" start="2025-09-09T19:41:16.637980" elapsed="1.001246"/>
</kw>
<kw name="Click Element" owner="SeleniumLibrary">
<msg time="2025-09-09T19:41:17.639779" level="INFO">Clicking element 'xpath=//div[label[contains(text(),'Modelo')]]//input'.</msg>
<arg>${MODELO}</arg>
<doc>Click the element identified by ``locator``.</doc>
<status status="PASS" start="2025-09-09T19:41:17.639483" elapsed="0.056745"/>
</kw>
<kw name="Sleep" owner="BuiltIn">
<msg time="2025-09-09T19:41:18.698045" level="INFO">Slept 1 second.</msg>
<arg>1s</arg>
<doc>Pauses the test executed for the given time.</doc>
<status status="PASS" start="2025-09-09T19:41:17.696523" elapsed="1.002017"/>
</kw>
<kw name="Click Element" owner="SeleniumLibrary">
<msg time="2025-09-09T19:41:18.699233" level="INFO">Clicking element 'xpath=//div[contains(@class,'v-menu')]//div[contains(.,'ARGO 1.0 6V Flex')]'.</msg>
<arg>${ARGO}</arg>
<doc>Click the element identified by ``locator``.</doc>
<status status="PASS" start="2025-09-09T19:41:18.698847" elapsed="0.048412"/>
</kw>
<kw name="Sleep" owner="BuiltIn">
<msg time="2025-09-09T19:41:19.748337" level="INFO">Slept 1 second.</msg>
<arg>1s</arg>
<doc>Pauses the test executed for the given time.</doc>
<status status="PASS" start="2025-09-09T19:41:18.747691" elapsed="1.001279"/>
</kw>
<kw name="Click Element" owner="SeleniumLibrary">
<msg time="2025-09-09T19:41:19.749928" level="INFO">Clicking element 'xpath=//div[label[contains(text(),'Ano')]]//input'.</msg>
<arg>${ANO}</arg>
<doc>Click the element identified by ``locator``.</doc>
<status status="PASS" start="2025-09-09T19:41:19.749562" elapsed="0.053677"/>
</kw>
<kw name="Sleep" owner="BuiltIn">
<msg time="2025-09-09T19:41:20.804624" level="INFO">Slept 1 second.</msg>
<arg>1s</arg>
<doc>Pauses the test executed for the given time.</doc>
<status status="PASS" start="2025-09-09T19:41:19.803583" elapsed="1.001632"/>
</kw>
<kw name="Click Element" owner="SeleniumLibrary">
<msg time="2025-09-09T19:41:20.805947" level="INFO">Clicking element 'xpath=//div[contains(@class,'v-menu')]//div[contains(.,'2019')]'.</msg>
<arg>${2019}</arg>
<doc>Click the element identified by ``locator``.</doc>
<status status="PASS" start="2025-09-09T19:41:20.805653" elapsed="0.046391"/>
</kw>
<kw name="Sleep" owner="BuiltIn">
<msg time="2025-09-09T19:41:21.853068" level="INFO">Slept 1 second.</msg>
<arg>1s</arg>
<doc>Pauses the test executed for the given time.</doc>
<status status="PASS" start="2025-09-09T19:41:20.852350" elapsed="1.001273"/>
</kw>
<kw name="Click Element" owner="SeleniumLibrary">
<msg time="2025-09-09T19:41:21.854199" level="INFO">Clicking element '//button[contains(.,' ENVIAR ')]'.</msg>
<arg>${ENVIAR_CPF}</arg>
<doc>Click the element identified by ``locator``.</doc>
<status status="PASS" start="2025-09-09T19:41:21.853895" elapsed="0.050543"/>
</kw>
<kw name="Sleep" owner="BuiltIn">
<msg time="2025-09-09T19:41:26.905329" level="INFO">Slept 5 seconds.</msg>
<arg>5s</arg>
<doc>Pauses the test executed for the given time.</doc>
<status status="PASS" start="2025-09-09T19:41:21.904766" elapsed="5.000869"/>
</kw>
<kw name="Click Element" owner="SeleniumLibrary">
<msg time="2025-09-09T19:41:26.906238" level="INFO">Clicking element '//span[contains(.,' VER SIMULAÇÃO ')]'.</msg>
<arg>${VER_SIMULACAO}</arg>
<doc>Click the element identified by ``locator``.</doc>
<status status="PASS" start="2025-09-09T19:41:26.905905" elapsed="0.049408"/>
</kw>
<kw name="Sleep" owner="BuiltIn">
<msg time="2025-09-09T19:41:29.956251" level="INFO">Slept 3 seconds.</msg>
<arg>3s</arg>
<doc>Pauses the test executed for the given time.</doc>
<status status="PASS" start="2025-09-09T19:41:26.955625" elapsed="3.001093"/>
</kw>
<kw name="Execute Javascript" owner="SeleniumLibrary">
<msg time="2025-09-09T19:41:29.957702" level="INFO">Executing JavaScript:
window.scrollTo(0, document.body.scrollHeight)
Without any arguments.</msg>
<arg>window.scrollTo(0, document.body.scrollHeight)</arg>
<doc>Executes the given JavaScript code with possible arguments.</doc>
<status status="PASS" start="2025-09-09T19:41:29.957246" elapsed="0.004821"/>
</kw>
<kw name="Sleep" owner="BuiltIn">
<msg time="2025-09-09T19:41:34.962997" level="INFO">Slept 5 seconds.</msg>
<arg>5s</arg>
<doc>Pauses the test executed for the given time.</doc>
<status status="PASS" start="2025-09-09T19:41:29.962311" elapsed="5.001231"/>
</kw>
<kw name="Click Element" owner="SeleniumLibrary">
<msg time="2025-09-09T19:41:34.964488" level="INFO">Clicking element '//span[contains(.,' CONTINUAR PARA CONTRATAÇÃO ')]'.</msg>
<msg time="2025-09-09T19:41:35.083844" level="INFO" html="true">&lt;/td&gt;&lt;/tr&gt;&lt;tr&gt;&lt;td colspan="3"&gt;&lt;a href="selenium-screenshot-8.png"&gt;&lt;img src="selenium-screenshot-8.png" width="800px"&gt;&lt;/a&gt;</msg>
<msg time="2025-09-09T19:41:35.084194" level="FAIL">Element with locator '//span[contains(.,' CONTINUAR PARA CONTRATAÇÃO ')]' not found.</msg>
<arg>${CONTINUAR_CONTRATACAO}</arg>
<doc>Click the element identified by ``locator``.</doc>
<status status="FAIL" start="2025-09-09T19:41:34.964007" elapsed="0.124406">Element with locator '//span[contains(.,' CONTINUAR PARA CONTRATAÇÃO ')]' not found.</status>
</kw>
<kw name="Sleep" owner="BuiltIn">
<arg>3s</arg>
<doc>Pauses the test executed for the given time.</doc>
<status status="NOT RUN" start="2025-09-09T19:41:35.088876" elapsed="0.000166"/>
</kw>
<kw name="Click Element" owner="SeleniumLibrary">
<arg>${ANO_FABRICACAO}</arg>
<doc>Click the element identified by ``locator``.</doc>
<status status="NOT RUN" start="2025-09-09T19:41:35.089271" elapsed="0.000115"/>
</kw>
<kw name="Input Text" owner="SeleniumLibrary">
<arg>${ANO_FABRICACAO}</arg>
<arg>2019</arg>
<doc>Types the given ``text`` into the text field identified by ``locator``.</doc>
<status status="NOT RUN" start="2025-09-09T19:41:35.089589" elapsed="0.000105"/>
</kw>
<kw name="Sleep" owner="BuiltIn">
<arg>1s</arg>
<doc>Pauses the test executed for the given time.</doc>
<status status="NOT RUN" start="2025-09-09T19:41:35.089881" elapsed="0.000091"/>
</kw>
<kw name="Input Text" owner="SeleniumLibrary">
<arg>${COR}</arg>
<arg>Azul</arg>
<doc>Types the given ``text`` into the text field identified by ``locator``.</doc>
<status status="NOT RUN" start="2025-09-09T19:41:35.090147" elapsed="0.000098"/>
</kw>
<kw name="Sleep" owner="BuiltIn">
<arg>1s</arg>
<doc>Pauses the test executed for the given time.</doc>
<status status="NOT RUN" start="2025-09-09T19:41:35.090407" elapsed="0.000083"/>
</kw>
<kw name="Input Text" owner="SeleniumLibrary">
<arg>${CHASSI}</arg>
<arg>9C2JC4130BR100747</arg>
<doc>Types the given ``text`` into the text field identified by ``locator``.</doc>
<status status="NOT RUN" start="2025-09-09T19:41:35.090654" elapsed="0.000092"/>
</kw>
<kw name="Sleep" owner="BuiltIn">
<arg>1s</arg>
<doc>Pauses the test executed for the given time.</doc>
<status status="NOT RUN" start="2025-09-09T19:41:35.090908" elapsed="0.000087"/>
</kw>
<kw name="Input Text" owner="SeleniumLibrary">
<arg>${PLACA}</arg>
<arg>PFA4700</arg>
<doc>Types the given ``text`` into the text field identified by ``locator``.</doc>
<status status="NOT RUN" start="2025-09-09T19:41:35.091158" elapsed="0.000110"/>
</kw>
<kw name="Sleep" owner="BuiltIn">
<arg>2s</arg>
<doc>Pauses the test executed for the given time.</doc>
<status status="NOT RUN" start="2025-09-09T19:41:35.091530" elapsed="0.000083"/>
</kw>
<kw name="Click Element" owner="SeleniumLibrary">
<arg>${RENAVAM}</arg>
<doc>Click the element identified by ``locator``.</doc>
<status status="NOT RUN" start="2025-09-09T19:41:35.091786" elapsed="0.000090"/>
</kw>
<kw name="Press Keys" owner="SeleniumLibrary">
<arg>${RENAVAM}</arg>
<arg>27351469511</arg>
<doc>Simulates the user pressing key(s) to an element or on the active browser.</doc>
<status status="NOT RUN" start="2025-09-09T19:41:35.092055" elapsed="0.000096"/>
</kw>
<kw name="Sleep" owner="BuiltIn">
<arg>2s</arg>
<doc>Pauses the test executed for the given time.</doc>
<status status="NOT RUN" start="2025-09-09T19:41:35.092313" elapsed="0.000074"/>
</kw>
<kw name="Scroll Element Into View" owner="SeleniumLibrary">
<arg>${CONINUAR_ETAPA_COR}</arg>
<doc>Scrolls the element identified by ``locator`` into view.</doc>
<status status="NOT RUN" start="2025-09-09T19:41:35.092580" elapsed="0.000085"/>
</kw>
<kw name="Click Element" owner="SeleniumLibrary">
<arg>${CONINUAR_ETAPA_COR}</arg>
<doc>Click the element identified by ``locator``.</doc>
<status status="NOT RUN" start="2025-09-09T19:41:35.092785" elapsed="0.000057"/>
</kw>
<kw name="Sleep" owner="BuiltIn">
<arg>2s</arg>
<doc>Pauses the test executed for the given time.</doc>
<status status="NOT RUN" start="2025-09-09T19:41:35.092944" elapsed="0.000054"/>
</kw>
<kw name="Wait Until Element Is Visible" owner="SeleniumLibrary">
<arg>${ALERTA_VEICULO_NOVO}</arg>
<arg>timeout=10s</arg>
<doc>Waits until the element ``locator`` is visible.</doc>
<status status="NOT RUN" start="2025-09-09T19:41:35.093109" elapsed="0.000067"/>
</kw>
<kw name="Click Element" owner="SeleniumLibrary">
<arg>${ALERTA_VEICULO_NOVO}</arg>
<doc>Click the element identified by ``locator``.</doc>
<status status="NOT RUN" start="2025-09-09T19:41:35.093293" elapsed="0.000054"/>
</kw>
<kw name="Sleep" owner="BuiltIn">
<arg>10s</arg>
<doc>Pauses the test executed for the given time.</doc>
<status status="NOT RUN" start="2025-09-09T19:41:35.093447" elapsed="0.000057"/>
</kw>
<kw name="Scroll Element Into View" owner="SeleniumLibrary">
<arg>${CONFIRMAR_DADOS_CONTRATACAO}</arg>
<doc>Scrolls the element identified by ``locator`` into view.</doc>
<status status="NOT RUN" start="2025-09-09T19:41:35.093612" elapsed="0.000055"/>
</kw>
<kw name="Click Element" owner="SeleniumLibrary">
<arg>${CONFIRMAR_DADOS_CONTRATACAO}</arg>
<doc>Click the element identified by ``locator``.</doc>
<status status="NOT RUN" start="2025-09-09T19:41:35.093769" elapsed="0.000062"/>
</kw>
<kw name="Sleep" owner="BuiltIn">
<arg>2s</arg>
<doc>Pauses the test executed for the given time.</doc>
<status status="NOT RUN" start="2025-09-09T19:41:35.093944" elapsed="0.000058"/>
</kw>
<kw name="Click Element" owner="SeleniumLibrary">
<arg>${PULAR_CAF}</arg>
<doc>Click the element identified by ``locator``.</doc>
<status status="NOT RUN" start="2025-09-09T19:41:35.094121" elapsed="0.000084"/>
</kw>
<kw name="Sleep" owner="BuiltIn">
<arg>35s</arg>
<doc>Pauses the test executed for the given time.</doc>
<status status="NOT RUN" start="2025-09-09T19:41:35.094344" elapsed="0.000076"/>
</kw>
<kw name="Click Element" owner="SeleniumLibrary">
<arg>${ENVIO_DOCUMENTOS}</arg>
<doc>Click the element identified by ``locator``.</doc>
<status status="NOT RUN" start="2025-09-09T19:41:35.094529" elapsed="0.000055"/>
</kw>
<kw name="Sleep" owner="BuiltIn">
<arg>3s</arg>
<doc>Pauses the test executed for the given time.</doc>
<status status="NOT RUN" start="2025-09-09T19:41:35.094769" elapsed="0.000103"/>
</kw>
<kw name="Choose File" owner="SeleniumLibrary">
<arg>xpath=//input[@type='file']</arg>
<arg>c:\\Users\\danie\\Desktop\\Plataforma_Sicred\\resources\\pages\\simulacao_credito\\qr_code.png</arg>
<doc>Inputs the ``file_path`` into the file input field ``locator``.</doc>
<status status="NOT RUN" start="2025-09-09T19:41:35.095011" elapsed="0.000084"/>
</kw>
<kw name="Choose File" owner="SeleniumLibrary">
<arg>xpath=//h3[contains(.,'QR Code para anexar')]/following::input[@type='file'][1]</arg>
<arg>c:\\Users\\danie\\Desktop\\Plataforma_Sicred\\resources\\pages\\simulacao_credito\\qr_code.png</arg>
<doc>Inputs the ``file_path`` into the file input field ``locator``.</doc>
<status status="NOT RUN" start="2025-09-09T19:41:35.095263" elapsed="0.000114"/>
</kw>
<kw name="Sleep" owner="BuiltIn">
<arg>2s</arg>
<doc>Pauses the test executed for the given time.</doc>
<status status="NOT RUN" start="2025-09-09T19:41:35.095565" elapsed="0.000084"/>
</kw>
<kw name="Choose File" owner="SeleniumLibrary">
<arg>xpath=//h3[contains(.,'CRLV para anexar')]/following::input[@type='file'][1]</arg>
<arg>c:\\Users\\danie\\Desktop\\Plataforma_Sicred\\resources\\pages\\simulacao_credito\\qr_code.png</arg>
<doc>Inputs the ``file_path`` into the file input field ``locator``.</doc>
<status status="NOT RUN" start="2025-09-09T19:41:35.095801" elapsed="0.000087"/>
</kw>
<kw name="Sleep" owner="BuiltIn">
<arg>2s</arg>
<doc>Pauses the test executed for the given time.</doc>
<status status="NOT RUN" start="2025-09-09T19:41:35.096041" elapsed="0.000089"/>
</kw>
<kw name="Choose File" owner="SeleniumLibrary">
<arg>xpath=//h3[contains(.,'Foto do Veículo para anexar')]/following::input[@type='file'][1]</arg>
<arg>c:\\Users\\danie\\Desktop\\Plataforma_Sicred\\resources\\pages\\simulacao_credito\\qr_code.png</arg>
<doc>Inputs the ``file_path`` into the file input field ``locator``.</doc>
<status status="NOT RUN" start="2025-09-09T19:41:35.096298" elapsed="0.000099"/>
</kw>
<kw name="Sleep" owner="BuiltIn">
<arg>3s</arg>
<doc>Pauses the test executed for the given time.</doc>
<status status="NOT RUN" start="2025-09-09T19:41:35.096596" elapsed="0.000086"/>
</kw>
<kw name="Click Element" owner="SeleniumLibrary">
<arg>${HISTORICO}</arg>
<doc>Click the element identified by ``locator``.</doc>
<status status="NOT RUN" start="2025-09-09T19:41:35.096859" elapsed="0.000090"/>
</kw>
<kw name="Execute Javascript" owner="SeleniumLibrary">
<arg>window.scrollTo(0, document.body.scrollHeight)</arg>
<doc>Executes the given JavaScript code with possible arguments.</doc>
<status status="NOT RUN" start="2025-09-09T19:41:35.097120" elapsed="0.000061"/>
</kw>
<kw name="Sleep" owner="BuiltIn">
<arg>2s</arg>
<doc>Pauses the test executed for the given time.</doc>
<status status="NOT RUN" start="2025-09-09T19:41:35.097304" elapsed="0.000083"/>
</kw>
<kw name="Execute Javascript" owner="SeleniumLibrary">
<arg>window.scrollTo(0, 0)</arg>
<doc>Executes the given JavaScript code with possible arguments.</doc>
<status status="NOT RUN" start="2025-09-09T19:41:35.097550" elapsed="0.000071"/>
</kw>
<kw name="Sleep" owner="BuiltIn">
<arg>2s</arg>
<doc>Pauses the test executed for the given time.</doc>
<status status="NOT RUN" start="2025-09-09T19:41:35.097764" elapsed="0.000062"/>
</kw>
<kw name="Click Element" owner="SeleniumLibrary">
<arg>${ASSINATURA_CONTRATO}</arg>
<doc>Click the element identified by ``locator``.</doc>
<status status="NOT RUN" start="2025-09-09T19:41:35.097934" elapsed="0.000055"/>
</kw>
<kw name="Sleep" owner="BuiltIn">
<arg>2s</arg>
<doc>Pauses the test executed for the given time.</doc>
<status status="NOT RUN" start="2025-09-09T19:41:35.098085" elapsed="0.000055"/>
</kw>
<kw name="Click Element" owner="SeleniumLibrary">
<arg>${ENVIO_DOCUMENTOS}</arg>
<doc>Click the element identified by ``locator``.</doc>
<status status="NOT RUN" start="2025-09-09T19:41:35.098257" elapsed="0.000052"/>
</kw>
<kw name="Execute Javascript" owner="SeleniumLibrary">
<arg>window.scrollTo(0, 0)</arg>
<doc>Executes the given JavaScript code with possible arguments.</doc>
<status status="NOT RUN" start="2025-09-09T19:41:35.098412" elapsed="0.000052"/>
</kw>
<status status="FAIL" start="2025-09-09T19:41:10.401657" elapsed="24.697013">Element with locator '//span[contains(.,' CONTINUAR PARA CONTRATAÇÃO ')]' not found.</status>
</kw>
<status status="FAIL" start="2025-09-09T19:40:58.309935" elapsed="36.789359">Element with locator '//span[contains(.,' CONTINUAR PARA CONTRATAÇÃO ')]' not found.</status>
</test>
<status status="FAIL" start="2025-09-09T19:40:57.738923" elapsed="37.361660"/>
</suite>
<statistics>
<total>
<stat pass="0" fail="1" skip="0">All Tests</stat>
</total>
<tag>
</tag>
<suite>
<stat name="Test Simula Credito Cpf" id="s1" pass="0" fail="1" skip="0">Test Simula Credito Cpf</stat>
</suite>
</statistics>
<errors>
<msg time="2025-09-09T19:40:58.213646" level="ERROR">Error in file 'c:\Users\danie\Desktop\Plataforma_Sicred\resources\main.robot' on line 11: Importing library 'IMAPLibrary' failed: ModuleNotFoundError: No module named 'IMAPLibrary'
Traceback (most recent call last):
  None
PYTHONPATH:
  c:\Users\danie\.vscode\extensions\robocorp.robotframework-lsp-1.13.0\src\robotframework_debug_adapter
  C:\Users\danie\Desktop\Plataforma_Sicred
  c:\Users\danie\.vscode\extensions\robocorp.robotframework-lsp-1.13.0\src
  c:\Users\danie\.vscode\extensions\robocorp.robotframework-lsp-1.13.0\src\robotframework_ls\vendored
  C:\Users\danie\AppData\Local\Programs\Python\Python313\python313.zip
  C:\Users\danie\AppData\Local\Programs\Python\Python313\DLLs
  C:\Users\danie\AppData\Local\Programs\Python\Python313\Lib
  C:\Users\danie\AppData\Local\Programs\Python\Python313
  C:\Users\danie\AppData\Local\Programs\Python\Python313\Lib\site-packages</msg>
<msg time="2025-09-09T19:41:05.494396" level="WARN">Keyword 'RequestsLibrary.Post Request' is deprecated. Please use `POST On Session` instead.</msg>
</errors>
</robot>
